<?xml version="1.0" encoding="UTF-8"?>
<testsuite name="com.example.backend.fileTest.R2ServiceDirectTest" tests="1" skipped="0" failures="0" errors="0" timestamp="2025-08-13T05:55:13" hostname="DESKTOP-QHTJI7A" time="1.994">
  <properties/>
  <testcase name="R2StorageService.uploadAlbumImage 메서드 직접 호출 테스트" classname="com.example.backend.fileTest.R2ServiceDirectTest" time="1.994"/>
  <system-out><![CDATA[14:55:03.276 [Test worker] INFO org.springframework.test.context.support.AnnotationConfigContextLoaderUtils -- Could not detect default configuration classes for test class [com.example.backend.fileTest.R2ServiceDirectTest]: R2ServiceDirectTest does not declare any static, non-private, non-final, nested classes annotated with @Configuration.
14:55:03.487 [Test worker] INFO org.springframework.boot.test.context.SpringBootTestContextBootstrapper -- Found @SpringBootConfiguration com.example.backend.BackendApplication for test class com.example.backend.fileTest.R2ServiceDirectTest

  .   ____          _            __ _ _
 /\\ / ___'_ __ _ _(_)_ __  __ _ \ \ \ \
( ( )\___ | '_ | '_| | '_ \/ _` | \ \ \ \
 \\/  ___)| |_)| | | | | || (_| |  ) ) ) )
  '  |____| .__|_| |_|_| |_\__, | / / / /
 =========|_|==============|___/=/_/_/_/

 :: Spring Boot ::                (v3.5.3)

2025-08-13T14:55:04.513+09:00  INFO 32908 --- [BirdClown] [    Test worker] c.e.b.fileTest.R2ServiceDirectTest       : Starting R2ServiceDirectTest using Java 17.0.10 with PID 32908 (started by user in C:\Users\user\Desktop\BirdClown\backend)
2025-08-13T14:55:04.515+09:00  INFO 32908 --- [BirdClown] [    Test worker] c.e.b.fileTest.R2ServiceDirectTest       : No active profile set, falling back to 1 default profile: "default"
2025-08-13T14:55:06.329+09:00  INFO 32908 --- [BirdClown] [    Test worker] .s.d.r.c.RepositoryConfigurationDelegate : Bootstrapping Spring Data JPA repositories in DEFAULT mode.
2025-08-13T14:55:06.481+09:00  INFO 32908 --- [BirdClown] [    Test worker] .s.d.r.c.RepositoryConfigurationDelegate : Finished Spring Data repository scanning in 101 ms. Found 3 JPA repository interfaces.
2025-08-13T14:55:07.616+09:00  INFO 32908 --- [BirdClown] [    Test worker] o.hibernate.jpa.internal.util.LogHelper  : HHH000204: Processing PersistenceUnitInfo [name: default]
2025-08-13T14:55:07.730+09:00  INFO 32908 --- [BirdClown] [    Test worker] org.hibernate.Version                    : HHH000412: Hibernate ORM core version 6.6.18.Final
2025-08-13T14:55:07.797+09:00  INFO 32908 --- [BirdClown] [    Test worker] o.h.c.internal.RegionFactoryInitiator    : HHH000026: Second-level cache disabled
2025-08-13T14:55:08.330+09:00  INFO 32908 --- [BirdClown] [    Test worker] o.s.o.j.p.SpringPersistenceUnitInfo      : No LoadTimeWeaver setup: ignoring JPA class transformer
2025-08-13T14:55:08.382+09:00  INFO 32908 --- [BirdClown] [    Test worker] com.zaxxer.hikari.HikariDataSource       : HikariPool-1 - Starting...
2025-08-13T14:55:08.528+09:00  INFO 32908 --- [BirdClown] [    Test worker] com.zaxxer.hikari.pool.HikariPool        : HikariPool-1 - Added connection org.mariadb.jdbc.Connection@30b1c5d5
2025-08-13T14:55:08.531+09:00  INFO 32908 --- [BirdClown] [    Test worker] com.zaxxer.hikari.HikariDataSource       : HikariPool-1 - Start completed.
2025-08-13T14:55:08.578+09:00  WARN 32908 --- [BirdClown] [    Test worker] org.hibernate.orm.deprecation            : HHH90000025: MariaDBDialect does not need to be specified explicitly using 'hibernate.dialect' (remove the property setting and it will be selected by default)
2025-08-13T14:55:08.610+09:00  INFO 32908 --- [BirdClown] [    Test worker] org.hibernate.orm.connections.pooling    : HHH10001005: Database info:
	Database JDBC URL [Connecting through datasource 'HikariDataSource (HikariPool-1)']
	Database driver: undefined/unknown
	Database version: 11.2.6
	Autocommit mode: undefined/unknown
	Isolation level: undefined/unknown
	Minimum pool size: undefined/unknown
	Maximum pool size: undefined/unknown
2025-08-13T14:55:10.291+09:00  INFO 32908 --- [BirdClown] [    Test worker] o.h.e.t.j.p.i.JtaPlatformInitiator       : HHH000489: No JTA platform available (set 'hibernate.transaction.jta.platform' to enable JTA platform integration)
Hibernate: 
    alter table if exists photo 
       drop 
       foreign key if exists FKpy64km2p72eoy5rwh31ria0vx
Hibernate: 
    drop table if exists admin
Hibernate: 
    drop table if exists album
Hibernate: 
    drop table if exists photo
Hibernate: 
    create table admin (
        role tinyint check (role between 0 and 3),
        create_at datetime(6),
        id bigint not null auto_increment,
        update_at datetime(6),
        password varchar(255),
        username varchar(255),
        primary key (id)
    ) engine=InnoDB
Hibernate: 
    create table album (
        event_date date,
        created_at datetime(6),
        id bigint not null auto_increment,
        event_name varchar(255) not null,
        file_name varchar(255) not null,
        original_file_name varchar(255) not null,
        primary key (id)
    ) engine=InnoDB
Hibernate: 
    create table photo (
        album_id bigint not null,
        created_at datetime(6),
        file_size bigint,
        id bigint not null auto_increment,
        caption varchar(255),
        file_name varchar(255) not null,
        mime_type varchar(255),
        original_file_name varchar(255) not null,
        primary key (id)
    ) engine=InnoDB
Hibernate: 
    alter table if exists photo 
       add constraint FKpy64km2p72eoy5rwh31ria0vx 
       foreign key (album_id) 
       references album (id)
2025-08-13T14:55:10.638+09:00  INFO 32908 --- [BirdClown] [    Test worker] j.LocalContainerEntityManagerFactoryBean : Initialized JPA EntityManagerFactory for persistence unit 'default'
91a6bfab5004efd9395e8151d45fffc9
2025-08-13T14:55:12.370+09:00  WARN 32908 --- [BirdClown] [    Test worker] JpaBaseConfiguration$JpaWebConfiguration : spring.jpa.open-in-view is enabled by default. Therefore, database queries may be performed during view rendering. Explicitly configure spring.jpa.open-in-view to disable this warning
2025-08-13T14:55:12.913+09:00  INFO 32908 --- [BirdClown] [    Test worker] r$InitializeUserDetailsManagerConfigurer : Global AuthenticationManager configured with UserDetailsService bean with name userCustomDetailsService
2025-08-13T14:55:13.093+09:00  WARN 32908 --- [BirdClown] [    Test worker] o.s.s.c.a.web.builders.WebSecurity       : You are asking Spring Security to ignore org.springframework.boot.autoconfigure.security.servlet.StaticResourceRequest$StaticResourceRequestMatcher@283a5c2b. This is not recommended -- please use permitAll via HttpSecurity#authorizeHttpRequests instead.
2025-08-13T14:55:13.093+09:00  WARN 32908 --- [BirdClown] [    Test worker] o.s.s.c.a.web.builders.WebSecurity       : You are asking Spring Security to ignore Deferred [Mvc [pattern='/v3/api-docs/**'], Ant [pattern='/v3/api-docs/**']]. This is not recommended -- please use permitAll via HttpSecurity#authorizeHttpRequests instead.
2025-08-13T14:55:13.093+09:00  WARN 32908 --- [BirdClown] [    Test worker] o.s.s.c.a.web.builders.WebSecurity       : You are asking Spring Security to ignore Deferred [Mvc [pattern='/swagger-ui/**'], Ant [pattern='/swagger-ui/**']]. This is not recommended -- please use permitAll via HttpSecurity#authorizeHttpRequests instead.
2025-08-13T14:55:13.093+09:00  WARN 32908 --- [BirdClown] [    Test worker] o.s.s.c.a.web.builders.WebSecurity       : You are asking Spring Security to ignore Deferred [Mvc [pattern='/h2-console/**'], Ant [pattern='/h2-console/**']]. This is not recommended -- please use permitAll via HttpSecurity#authorizeHttpRequests instead.
2025-08-13T14:55:13.661+09:00  INFO 32908 --- [BirdClown] [    Test worker] .w.s.a.s.AnnotationActionEndpointMapping : Supporting [WS-Addressing August 2004, WS-Addressing 1.0]
2025-08-13T14:55:13.727+09:00  INFO 32908 --- [BirdClown] [    Test worker] c.e.b.fileTest.R2ServiceDirectTest       : Started R2ServiceDirectTest in 9.862 seconds (process running for 12.418)
===== R2 서비스 직접 호출 테스트 시작 =====
테스트 파일 경로: C:/Users/user/Desktop/햄찌/진짜X같은하루였따.jpg
R2StorageService.uploadAlbumImage 메서드를 직접 호출합니다...
메서드 실행 성공!
R2에 업로드된 파일의 고유 이름: 6d36c6cb-dc59-4385-89ea-f42187bb8864.jpg
===== 테스트 종료 =====
]]></system-out>
  <system-err><![CDATA[]]></system-err>
</testsuite>
